2021-11-09 12:57:13,474 DEBUG [main] StepDefination:14 - URL Opened
2021-11-09 12:57:13,935 DEBUG [main] cache:45 - Couldn't find template in cache for "Extent.ftl"("en_US", UTF-8, parsed); will try to load it.
2021-11-09 12:57:13,939 DEBUG [main] cache:45 - TemplateLoader.findTemplateSource("Extent_en_US.ftl"): Not found
2021-11-09 12:57:13,943 DEBUG [main] cache:45 - TemplateLoader.findTemplateSource("Extent_en.ftl"): Not found
2021-11-09 12:57:13,949 DEBUG [main] cache:45 - TemplateLoader.findTemplateSource("Extent.ftl"): Found
2021-11-09 12:57:13,950 DEBUG [main] cache:45 - Loading template for "Extent.ftl"("en_US", UTF-8, parsed) from "jar:file:/C:/Users/Misbah/.m2/repository/com/relevantcodes/extentreports/2.41.2/extentreports-2.41.2.jar!/com/relevantcodes/extentreports/view/Extent.ftl"
2021-11-09 12:57:16,397 DEBUG [main] cache:45 - Couldn't find template in cache for "Extent.ftl"("en_US", UTF-8, parsed); will try to load it.
2021-11-09 12:57:16,399 DEBUG [main] cache:45 - TemplateLoader.findTemplateSource("Extent_en_US.ftl"): Not found
2021-11-09 12:57:16,399 DEBUG [main] cache:45 - TemplateLoader.findTemplateSource("Extent_en.ftl"): Not found
2021-11-09 12:57:16,400 DEBUG [main] cache:45 - TemplateLoader.findTemplateSource("Extent.ftl"): Found
2021-11-09 12:57:16,400 DEBUG [main] cache:45 - Loading template for "Extent.ftl"("en_US", UTF-8, parsed) from "jar:file:/C:/Users/Misbah/.m2/repository/com/relevantcodes/extentreports/2.41.2/extentreports-2.41.2.jar!/com/relevantcodes/extentreports/view/Extent.ftl"
2021-11-09 12:57:17,388 DEBUG [main] StepDefination:14 - Powder is clicked in page Home page
2021-11-09 12:57:19,615 DEBUG [main] cache:45 - Couldn't find template in cache for "Extent.ftl"("en_US", UTF-8, parsed); will try to load it.
2021-11-09 12:57:19,616 DEBUG [main] cache:45 - TemplateLoader.findTemplateSource("Extent_en_US.ftl"): Not found
2021-11-09 12:57:19,617 DEBUG [main] cache:45 - TemplateLoader.findTemplateSource("Extent_en.ftl"): Not found
2021-11-09 12:57:19,617 DEBUG [main] cache:45 - TemplateLoader.findTemplateSource("Extent.ftl"): Found
2021-11-09 12:57:19,619 DEBUG [main] cache:45 - Loading template for "Extent.ftl"("en_US", UTF-8, parsed) from "jar:file:/C:/Users/Misbah/.m2/repository/com/relevantcodes/extentreports/2.41.2/extentreports-2.41.2.jar!/com/relevantcodes/extentreports/view/Extent.ftl"
2021-11-09 12:57:21,812 DEBUG [main] cache:45 - Couldn't find template in cache for "Extent.ftl"("en_US", UTF-8, parsed); will try to load it.
2021-11-09 12:57:21,813 DEBUG [main] cache:45 - TemplateLoader.findTemplateSource("Extent_en_US.ftl"): Not found
2021-11-09 12:57:21,813 DEBUG [main] cache:45 - TemplateLoader.findTemplateSource("Extent_en.ftl"): Not found
2021-11-09 12:57:21,814 DEBUG [main] cache:45 - TemplateLoader.findTemplateSource("Extent.ftl"): Found
2021-11-09 12:57:21,815 DEBUG [main] cache:45 - Loading template for "Extent.ftl"("en_US", UTF-8, parsed) from "jar:file:/C:/Users/Misbah/.m2/repository/com/relevantcodes/extentreports/2.41.2/extentreports-2.41.2.jar!/com/relevantcodes/extentreports/view/Extent.ftl"
2021-11-09 12:57:21,951 DEBUG [main] StepDefination:14 - Search Box is send in page Second Page
2021-11-09 12:57:23,735 DEBUG [main] StepDefination:14 - Search Box is clicked in page Scond Page
2021-11-09 12:57:26,387 DEBUG [main] StepDefination:14 - Found The result
2021-11-09 12:57:26,605 DEBUG [main] cache:45 - Couldn't find template in cache for "Extent.ftl"("en_US", UTF-8, parsed); will try to load it.
2021-11-09 12:57:26,605 DEBUG [main] cache:45 - TemplateLoader.findTemplateSource("Extent_en_US.ftl"): Not found
2021-11-09 12:57:26,606 DEBUG [main] cache:45 - TemplateLoader.findTemplateSource("Extent_en.ftl"): Not found
2021-11-09 12:57:26,606 DEBUG [main] cache:45 - TemplateLoader.findTemplateSource("Extent.ftl"): Found
2021-11-09 12:57:26,606 DEBUG [main] cache:45 - Loading template for "Extent.ftl"("en_US", UTF-8, parsed) from "jar:file:/C:/Users/Misbah/.m2/repository/com/relevantcodes/extentreports/2.41.2/extentreports-2.41.2.jar!/com/relevantcodes/extentreports/view/Extent.ftl"
2021-11-09 12:57:28,492 DEBUG [main] StepDefination:14 - Learn More is clicked in page Home page
2021-11-09 12:57:30,664 DEBUG [main] cache:45 - Couldn't find template in cache for "Extent.ftl"("en_US", UTF-8, parsed); will try to load it.
2021-11-09 12:57:30,665 DEBUG [main] cache:45 - TemplateLoader.findTemplateSource("Extent_en_US.ftl"): Not found
2021-11-09 12:57:30,665 DEBUG [main] cache:45 - TemplateLoader.findTemplateSource("Extent_en.ftl"): Not found
2021-11-09 12:57:30,666 DEBUG [main] cache:45 - TemplateLoader.findTemplateSource("Extent.ftl"): Found
2021-11-09 12:57:30,666 DEBUG [main] cache:45 - Loading template for "Extent.ftl"("en_US", UTF-8, parsed) from "jar:file:/C:/Users/Misbah/.m2/repository/com/relevantcodes/extentreports/2.41.2/extentreports-2.41.2.jar!/com/relevantcodes/extentreports/view/Extent.ftl"
2021-11-09 12:57:30,714 DEBUG [main] cache:45 - Couldn't find template in cache for "Extent.ftl"("en_US", UTF-8, parsed); will try to load it.
2021-11-09 12:57:30,715 DEBUG [main] cache:45 - TemplateLoader.findTemplateSource("Extent_en_US.ftl"): Not found
2021-11-09 12:57:30,715 DEBUG [main] cache:45 - TemplateLoader.findTemplateSource("Extent_en.ftl"): Not found
2021-11-09 12:57:30,715 DEBUG [main] cache:45 - TemplateLoader.findTemplateSource("Extent.ftl"): Found
2021-11-09 12:57:30,715 DEBUG [main] cache:45 - Loading template for "Extent.ftl"("en_US", UTF-8, parsed) from "jar:file:/C:/Users/Misbah/.m2/repository/com/relevantcodes/extentreports/2.41.2/extentreports-2.41.2.jar!/com/relevantcodes/extentreports/view/Extent.ftl"
